{
  "RSpec": {
    "coverage": {
      "/Users/JEC/Turing/3Module/assessment/storedom/app/helpers/application_helper.rb": [
        1,
        null
      ],
      "/Users/JEC/Turing/3Module/assessment/storedom/app/helpers/items_helper.rb": [
        1,
        null
      ],
      "/Users/JEC/Turing/3Module/assessment/storedom/app/helpers/orders_helper.rb": [
        1,
        null
      ],
      "/Users/JEC/Turing/3Module/assessment/storedom/app/helpers/users_helper.rb": [
        1,
        null
      ],
      "/Users/JEC/Turing/3Module/assessment/storedom/app/api/api_controller.rb": [
        0,
        0,
        0,
        0
      ],
      "/Users/JEC/Turing/3Module/assessment/storedom/app/api/v1/items_controller.rb": [
        0,
        0,
        0,
        0,
        0,
        0,
        0,
        0,
        0
      ],
      "/Users/JEC/Turing/3Module/assessment/storedom/app/controllers/application_controller.rb": [
        0,
        0,
        0,
        0,
        0
      ],
      "/Users/JEC/Turing/3Module/assessment/storedom/app/controllers/items_controller.rb": [
        0,
        0,
        0,
        0,
        0,
        0,
        0,
        0,
        0
      ],
      "/Users/JEC/Turing/3Module/assessment/storedom/app/controllers/orders_controller.rb": [
        0,
        0,
        0,
        0,
        0,
        0,
        0,
        0,
        0
      ],
      "/Users/JEC/Turing/3Module/assessment/storedom/app/controllers/users_controller.rb": [
        0,
        0,
        0,
        0,
        0,
        0,
        0,
        0,
        0
      ],
      "/Users/JEC/Turing/3Module/assessment/storedom/app/models/item.rb": [
        0,
        0,
        0,
        0
      ],
      "/Users/JEC/Turing/3Module/assessment/storedom/app/models/order.rb": [
        0,
        0,
        0,
        0,
        0,
        0
      ],
      "/Users/JEC/Turing/3Module/assessment/storedom/app/models/order_item.rb": [
        0,
        0,
        0,
        0
      ],
      "/Users/JEC/Turing/3Module/assessment/storedom/app/models/user.rb": [
        0,
        0,
        0
      ]
    },
    "timestamp": 1457453715
  }
}
